<?xml version="1.0" encoding="UTF-8"?>
<beans xmlns="http://www.springframework.org/schema/beans"
	xmlns:xsi="http://www.w3.org/2001/XMLSchema-instance" xmlns:mvc="http://www.springframework.org/schema/mvc"
	xmlns:context="http://www.springframework.org/schema/context"
	xsi:schemaLocation="
		http://www.springframework.org/schema/beans 
		http://www.springframework.org/schema/beans/spring-beans-4.0.xsd
		http://www.springframework.org/schema/context 
		http://www.springframework.org/schema/context/spring-context-4.0.xsd
		http://www.springframework.org/schema/mvc 
		http://www.springframework.org/schema/mvc/spring-mvc-4.0.xsd">

	<bean id="announcementService" name="announcementService" class="org.mockito.Mockito"
		factory-method="mock">
		<constructor-arg
			value="com.cinglevue.announcement.service.AnnouncementService" />
	</bean>

	<!-- Detects annotations like @Component, @Service, @Controller, @Repository, 
		@Configuration -->
	<context:component-scan base-package="com.cinglevue.announcement.controller" />


	<!-- Detects MVC annotations like @RequestMapping -->
	<mvc:annotation-driven />





</beans>